<?xml version="1.0" encoding="UTF-8"?>
<testsuite name="com.quicksort.sort.quicksort.QuickwayTest" time="0.818" tests="22" errors="0" skipped="0" failures="0">
  <properties>
[...]
</properties>
  <testcase name="testSortWithMixedNumbers" classname="com.quicksort.sort.quicksort.QuickwayTest" time="0"/>
  <testcase name="testSortWithFloatingPointNumbers" classname="com.quicksort.sort.quicksort.QuickwayTest" time="0"/>
  <testcase name="testSortEmptyArray" classname="com.quicksort.sort.quicksort.QuickwayTest" time="0"/>
  <testcase name="testLessVIsGreaterThanW" classname="com.quicksort.sort.quicksort.QuickwayTest" time="0"/>
  <testcase name="testBoundaryVerySmallArray" classname="com.quicksort.sort.quicksort.QuickwayTest" time="0"/>
  <testcase name="testSortWithIncompatibleTypes" classname="com.quicksort.sort.quicksort.QuickwayTest" time="0"/>
  <testcase name="testMultipleSortCalls" classname="com.quicksort.sort.quicksort.QuickwayTest" time="0"/>
  <testcase name="testSortReverseSortedArray" classname="com.quicksort.sort.quicksort.QuickwayTest" time="0"/>
  <testcase name="testSortWithAllSameElements" classname="com.quicksort.sort.quicksort.QuickwayTest" time="0"/>
  <testcase name="testShowMethod1" classname="com.quicksort.sort.quicksort.QuickwayTest" time="0"/>
  <testcase name="testBoundaryVeryLargeArray" classname="com.quicksort.sort.quicksort.QuickwayTest" time="0.807"/>
  <testcase name="testSortRandomArray" classname="com.quicksort.sort.quicksort.QuickwayTest" time="0"/>
  <testcase name="testLessEqualElements" classname="com.quicksort.sort.quicksort.QuickwayTest" time="0"/>
  <testcase name="testIsSortedWithSortedArray" classname="com.quicksort.sort.quicksort.QuickwayTest" time="0.003"/>
  <testcase name="testSortWithNegativeNumbers" classname="com.quicksort.sort.quicksort.QuickwayTest" time="0"/>
  <testcase name="testIsSortedAssertionWithUnsortedArray" classname="com.quicksort.sort.quicksort.QuickwayTest" time="0.001"/>
  <testcase name="testSortAlreadySortedArray" classname="com.quicksort.sort.quicksort.QuickwayTest" time="0"/>
  <testcase name="testLessVIsLessThanW" classname="com.quicksort.sort.quicksort.QuickwayTest" time="0"/>
  <testcase name="testSortSingleElementArray" classname="com.quicksort.sort.quicksort.QuickwayTest" time="0"/>
  <testcase name="testSortLargeArray" classname="com.quicksort.sort.quicksort.QuickwayTest" time="0.006"/>
  <testcase name="testIsSortedWithUnsortedArray" classname="com.quicksort.sort.quicksort.QuickwayTest" time="0"/>
  <testcase name="testIsSortedAssertionWithSortedArray" classname="com.quicksort.sort.quicksort.QuickwayTest" time="0.001"/>
</testsuite>